<?xml version="1.0" encoding="UTF-8"?>
<testng-results ignored="0" total="2" passed="2" failed="0" skipped="0">
  <reporter-output>
  </reporter-output>
  <suite started-at="2024-11-26T21:29:28 IST" name="Default suite" finished-at="2024-11-26T21:29:32 IST" duration-ms="3984">
    <groups>
    </groups>
    <test started-at="2024-11-26T21:29:28 IST" name="Default test" finished-at="2024-11-26T21:29:32 IST" duration-ms="3984">
      <class name="tradeoxy.TradeoxyAPITesting">
        <test-method signature="HomeScreenRequestTest()[pri:0, instance:tradeoxy.TradeoxyAPITesting@54e1c68b]" started-at="2024-11-26T21:29:28 IST" name="HomeScreenRequestTest" finished-at="2024-11-26T21:29:31 IST" duration-ms="3085" status="PASS">
          <reporter-output>
          </reporter-output>
        </test-method> <!-- HomeScreenRequestTest -->
        <test-method signature="MarketStatusTest()[pri:0, instance:tradeoxy.TradeoxyAPITesting@54e1c68b]" started-at="2024-11-26T21:29:31 IST" name="MarketStatusTest" finished-at="2024-11-26T21:29:32 IST" duration-ms="862" status="PASS">
          <reporter-output>
          </reporter-output>
        </test-method> <!-- MarketStatusTest -->
      </class> <!-- tradeoxy.TradeoxyAPITesting -->
    </test> <!-- Default test -->
  </suite> <!-- Default suite -->
</testng-results>
