<?xml version="1.0" encoding="UTF-8"?>
<!-- Generated by org.testng.reporters.JUnitReportReporter -->
<testsuite hostname="Dharani" failures="0" tests="2" name="tradeoxy.TradeoxyAPITesting" time="3.947" errors="0" timestamp="2024-11-26T21:29:32 IST" skipped="0">
  <testcase classname="tradeoxy.TradeoxyAPITesting" name="MarketStatusTest" time="0.862"/>
  <system-out/>
  <testcase classname="tradeoxy.TradeoxyAPITesting" name="HomeScreenRequestTest" time="3.085"/>
  <system-out/>
</testsuite> <!-- tradeoxy.TradeoxyAPITesting -->
