<?xml version="1.0" encoding="UTF-8"?>
<!-- Generated by org.testng.reporters.JUnitReportReporter -->
<testsuite hostname="Dharani" failures="0" tests="7" name="tradeoxy.TradeOxyAutomation" time="43.625" errors="0" timestamp="2024-11-24T16:52:16 IST" skipped="0">
  <testcase classname="tradeoxy.TradeOxyAutomation" name="testPricing" time="4.107"/>
  <system-out/>
  <testcase classname="tradeoxy.TradeOxyAutomation" name="testSignIn" time="4.844"/>
  <system-out/>
  <testcase classname="tradeoxy.TradeOxyAutomation" name="testGetHome" time="4.212"/>
  <system-out/>
  <testcase classname="tradeoxy.TradeOxyAutomation" name="testNavigationAndH1" time="10.375"/>
  <system-out/>
  <testcase classname="tradeoxy.TradeOxyAutomation" name="testGetinTouch" time="5.414"/>
  <system-out/>
  <testcase classname="tradeoxy.TradeOxyAutomation" name="testRoadmap" time="8.279"/>
  <system-out/>
  <testcase classname="tradeoxy.TradeOxyAutomation" name="testCardActivity" time="6.394"/>
  <system-out/>
</testsuite> <!-- tradeoxy.TradeOxyAutomation -->
