<?xml version="1.0" encoding="UTF-8"?>
<testsuite xmlns:xsi="http://www.w3.org/2001/XMLSchema-instance" xsi:noNamespaceSchemaLocation="https://maven.apache.org/surefire/maven-surefire-plugin/xsd/surefire-test-report-3.0.xsd" version="3.0" name="examples.ExamplesTest" time="3.463" tests="1" errors="0" skipped="0" failures="0">
  <properties>
[...]
</properties>
  <testcase name="testParallel" classname="examples.ExamplesTest" time="3.435">
    <system-out><![CDATA[20:58:12.509 [main] DEBUG com.intuit.karate.Suite - [config] classpath:karate-config.js
20:58:12.518 [main] DEBUG com.intuit.karate.Suite - waiting for 3 features to complete
20:58:13.336 [pool-2-thread-1] INFO  com.intuit.karate - karate.env system property was: null 
20:58:13.617 [pool-2-thread-1] DEBUG com.intuit.karate - request:
1 > POST https://conduit-api.bondaracademy.com/api/users/login
1 > Content-Type: application/json; charset=UTF-8
1 > Content-Length: 68
1 > Host: conduit-api.bondaracademy.com
1 > Connection: Keep-Alive
1 > User-Agent: Apache-HttpClient/4.5.14 (Java/21.0.4)
1 > Accept-Encoding: gzip,deflate
{"user":{"email":"karatetest123@gmail.com","password":"karate1234"}}

20:58:14.324 [pool-2-thread-1] DEBUG com.intuit.karate - response time in milliseconds: 700
1 < 200
1 < x-powered-by: Express
1 < access-control-allow-origin: https://conduit.bondaracademy.com
1 < vary: Origin
1 < content-type: application/json; charset=utf-8
1 < etag: W/"142-FhHZv0fUFnGjOZAZp5Sov1QNXs8"
1 < X-Cloud-Trace-Context: 4779e16f85457dea5fff6a9e6b913ce5;o=1
1 < Date: Wed, 16 Oct 2024 15:28:14 GMT
1 < Server: Google Frontend
1 < Content-Length: 322
{"user":{"email":"karatetest123@gmail.com","username":"karate123test123","bio":null,"image":"https://conduit-api.bondaracademy.com/images/smiley-cyrus.jpeg","token":"eyJhbGciOiJIUzI1NiIsInR5cCI6IkpXVCJ9.eyJ1c2VyIjp7ImlkIjo2Njc0fSwiaWF0IjoxNzI5MDkyNDk0LCJleHAiOjE3MzQyNzY0OTR9.iEZUUjm3-hLPKsl78HaVd66ht2W3e8nTv5By152xq68"}}

---------------------------------------------------------
feature: classpath:examples/users/createToken.feature
scenarios:  1 | passed:  1 | failed:  0 | time: 0.9813
---------------------------------------------------------

20:58:14.857 [pool-3-thread-1] INFO  com.intuit.karate.Suite - <<pass>> feature 1 of 3 (2 remaining) classpath:examples/users/createToken.feature
Karate version: 1.4.1
======================================================
elapsed:   2.96 | threads:    5 | thread time: 0.98 
features:     1 | skipped:    2 | efficiency: 0.07
scenarios:    1 | passed:     1 | failed: 0
======================================================

HTML report: (paste into browser to view) | Karate version: 1.4.1
file:///C:/Users/dhara/eclipse-workspace/demo/target/karate-reports/karate-summary.html
===================================================================

]]></system-out>
  </testcase>
</testsuite>